<?xml version="1.0" encoding="UTF-8"?>
<testsuite xmlns:xsi="http://www.w3.org/2001/XMLSchema-instance" xsi:noNamespaceSchemaLocation="https://maven.apache.org/surefire/maven-surefire-plugin/xsd/surefire-test-report-3.0.xsd" version="3.0" name="tasks.services.TaskIOTest" time="0.094" tests="3" errors="0" skipped="0" failures="0">
  <properties>
[...]
</properties>
  <testcase name="write_one_element_file_existing" classname="tasks.services.TaskIOTest" time="0.067"/>
  <testcase name="write_one_element_file_not_existing" classname="tasks.services.TaskIOTest" time="0.003">
    <system-out><![CDATA[Cannot invoke "tasks.model.TaskList.size()" because "tasks" is null
]]></system-out>
  </testcase>
  <testcase name="test_ECP_1" classname="tasks.services.TaskIOTest" time="0.02">
    <system-out><![CDATA[&amp#0;&amp#0;&amp#0;&amp#0;
ArrayTaskList{tasks=[null, null, null, null, null, null, null, null, null, null], numberOfTasks=0, currentCapacity=10}
]]></system-out>
  </testcase>
</testsuite>